This file contains any messages produced by compilers while
running configure, to aid debugging if configure makes a mistake.

It was created by configure, which was
generated by GNU Autoconf 2.65.  Invocation command line was

  $ ./configure 

## --------- ##
## Platform. ##
## --------- ##

hostname = yusuf-VirtualBox
uname -m = x86_64
uname -r = 5.11.0-38-generic
uname -s = Linux
uname -v = #42~20.04.1-Ubuntu SMP Tue Sep 28 20:41:07 UTC 2021

/usr/bin/uname -p = x86_64
/bin/uname -X     = unknown

/bin/arch              = x86_64
/usr/bin/arch -k       = unknown
/usr/convex/getsysinfo = unknown
/usr/bin/hostinfo      = unknown
/bin/machine           = unknown
/usr/bin/oslevel       = unknown
/bin/universe          = unknown

PATH: /usr/local/sbin
PATH: /usr/local/bin
PATH: /usr/sbin
PATH: /usr/bin
PATH: /sbin
PATH: /bin
PATH: /usr/games
PATH: /usr/local/games
PATH: /snap/bin


## ----------- ##
## Core tests. ##
## ----------- ##

configure:1979: checking for a BSD-compatible install
configure:2047: result: /usr/bin/install -c
configure:2058: checking whether build environment is sane
configure:2108: result: yes
configure:2249: checking for a thread-safe mkdir -p
configure:2288: result: /usr/bin/mkdir -p
configure:2301: checking for gawk
configure:2331: result: no
configure:2301: checking for mawk
configure:2317: found /usr/bin/mawk
configure:2328: result: mawk
configure:2339: checking whether make sets $(MAKE)
configure:2361: result: yes
configure:2446: checking for gawk
configure:2473: result: mawk
configure:2532: checking for gcc
configure:2548: found /usr/bin/gcc
configure:2559: result: gcc
configure:2788: checking for C compiler version
configure:2797: gcc --version >&5
gcc (Ubuntu 9.3.0-17ubuntu1~20.04) 9.3.0
Copyright (C) 2019 Free Software Foundation, Inc.
This is free software; see the source for copying conditions.  There is NO
warranty; not even for MERCHANTABILITY or FITNESS FOR A PARTICULAR PURPOSE.

configure:2808: $? = 0
configure:2797: gcc -v >&5
Using built-in specs.
COLLECT_GCC=gcc
COLLECT_LTO_WRAPPER=/usr/lib/gcc/x86_64-linux-gnu/9/lto-wrapper
OFFLOAD_TARGET_NAMES=nvptx-none:hsa
OFFLOAD_TARGET_DEFAULT=1
Target: x86_64-linux-gnu
Configured with: ../src/configure -v --with-pkgversion='Ubuntu 9.3.0-17ubuntu1~20.04' --with-bugurl=file:///usr/share/doc/gcc-9/README.Bugs --enable-languages=c,ada,c++,go,brig,d,fortran,objc,obj-c++,gm2 --prefix=/usr --with-gcc-major-version-only --program-suffix=-9 --program-prefix=x86_64-linux-gnu- --enable-shared --enable-linker-build-id --libexecdir=/usr/lib --without-included-gettext --enable-threads=posix --libdir=/usr/lib --enable-nls --enable-clocale=gnu --enable-libstdcxx-debug --enable-libstdcxx-time=yes --with-default-libstdcxx-abi=new --enable-gnu-unique-object --disable-vtable-verify --enable-plugin --enable-default-pie --with-system-zlib --with-target-system-zlib=auto --enable-objc-gc=auto --enable-multiarch --disable-werror --with-arch-32=i686 --with-abi=m64 --with-multilib-list=m32,m64,mx32 --enable-multilib --with-tune=generic --enable-offload-targets=nvptx-none=/build/gcc-9-HskZEa/gcc-9-9.3.0/debian/tmp-nvptx/usr,hsa --without-cuda-driver --enable-checking=release --build=x86_64-linux-gnu --host=x86_64-linux-gnu --target=x86_64-linux-gnu
Thread model: posix
gcc version 9.3.0 (Ubuntu 9.3.0-17ubuntu1~20.04) 
configure:2808: $? = 0
configure:2797: gcc -V >&5
gcc: error: unrecognized command line option '-V'
gcc: fatal error: no input files
compilation terminated.
configure:2808: $? = 1
configure:2797: gcc -qversion >&5
gcc: error: unrecognized command line option '-qversion'; did you mean '--version'?
gcc: fatal error: no input files
compilation terminated.
configure:2808: $? = 1
configure:2828: checking whether the C compiler works
configure:2850: gcc    conftest.c  >&5
configure:2854: $? = 0
configure:2903: result: yes
configure:2906: checking for C compiler default output file name
configure:2908: result: a.out
configure:2914: checking for suffix of executables
configure:2921: gcc -o conftest    conftest.c  >&5
configure:2925: $? = 0
configure:2947: result: 
configure:2969: checking whether we are cross compiling
configure:2977: gcc -o conftest    conftest.c  >&5
configure:2981: $? = 0
configure:2988: ./conftest
configure:2992: $? = 0
configure:2980: result: no
configure:2985: checking for suffix of object files
configure:3007: gcc -c   conftest.c >&5
configure:3011: $? = 0
configure:3032: result: o
configure:3036: checking whether we are using the GNU C compiler
configure:3055: gcc -c   conftest.c >&5
configure:3055: $? = 0
configure:3064: result: yes
configure:3073: checking whether gcc accepts -g
configure:3093: gcc -c -g  conftest.c >&5
configure:3093: $? = 0
configure:3134: result: yes
configure:3151: checking for gcc option to accept ISO C89
configure:3215: gcc  -c -g -O2  conftest.c >&5
configure:3215: $? = 0
configure:3228: result: none needed
configure:3259: checking for style of include used by make
configure:3287: result: GNU
configure:3312: checking dependency style of gcc
configure:3422: result: gcc3
configure:3438: checking whether ln -s works
configure:3442: result: yes
configure:3451: checking for sqrt in -lm
configure:3476: gcc -o conftest -g -O2   conftest.c -lm   >&5
conftest.c:18:6: warning: conflicting types for built-in function 'sqrt'; expected 'double(double)' [-Wbuiltin-declaration-mismatch]
   18 | char sqrt ();
      |      ^~~~
conftest.c:1:1: note: 'sqrt' is declared in header '<math.h>'
    1 | /* confdefs.h */
configure:3476: $? = 0
configure:3485: result: yes
configure:3496: checking for floor in -lm
configure:3521: gcc -o conftest -g -O2   conftest.c -lm  -lm  >&5
conftest.c:19:6: warning: conflicting types for built-in function 'floor'; expected 'double(double)' [-Wbuiltin-declaration-mismatch]
   19 | char floor ();
      |      ^~~~~
conftest.c:1:1: note: 'floor' is declared in header '<math.h>'
    1 | /* confdefs.h */
configure:3521: $? = 0
configure:3530: result: yes
configure:3547: checking how to run the C preprocessor
configure:3578: gcc -E  conftest.c
configure:3578: $? = 0
configure:3592: gcc -E  conftest.c
conftest.c:13:10: fatal error: ac_nonexistent.h: No such file or directory
   13 | #include <ac_nonexistent.h>
      |          ^~~~~~~~~~~~~~~~~~
compilation terminated.
configure:3592: $? = 1
configure: failed program was:
| /* confdefs.h */
| #define PACKAGE_NAME ""
| #define PACKAGE_TARNAME ""
| #define PACKAGE_VERSION ""
| #define PACKAGE_STRING ""
| #define PACKAGE_BUGREPORT ""
| #define PACKAGE_URL ""
| #define PACKAGE "match"
| #define VERSION "0.14"
| #define HAVE_LIBM 1
| #define HAVE_LIBM 1
| /* end confdefs.h.  */
| #include <ac_nonexistent.h>
configure:3617: result: gcc -E
configure:3637: gcc -E  conftest.c
configure:3637: $? = 0
configure:3651: gcc -E  conftest.c
conftest.c:13:10: fatal error: ac_nonexistent.h: No such file or directory
   13 | #include <ac_nonexistent.h>
      |          ^~~~~~~~~~~~~~~~~~
compilation terminated.
configure:3651: $? = 1
configure: failed program was:
| /* confdefs.h */
| #define PACKAGE_NAME ""
| #define PACKAGE_TARNAME ""
| #define PACKAGE_VERSION ""
| #define PACKAGE_STRING ""
| #define PACKAGE_BUGREPORT ""
| #define PACKAGE_URL ""
| #define PACKAGE "match"
| #define VERSION "0.14"
| #define HAVE_LIBM 1
| #define HAVE_LIBM 1
| /* end confdefs.h.  */
| #include <ac_nonexistent.h>
configure:3680: checking for grep that handles long lines and -e
configure:3738: result: /usr/bin/grep
configure:3743: checking for egrep
configure:3805: result: /usr/bin/grep -E
configure:3810: checking for ANSI C header files
configure:3830: gcc -c -g -O2  conftest.c >&5
configure:3830: $? = 0
configure:3903: gcc -o conftest -g -O2   conftest.c -lm -lm  >&5
configure:3903: $? = 0
configure:3903: ./conftest
configure:3903: $? = 0
configure:3914: result: yes
configure:3923: checking for an ANSI C-conforming const
configure:3988: gcc -c -g -O2  conftest.c >&5
configure:3988: $? = 0
configure:3995: result: yes
configure:4006: checking for vprintf
configure:4006: gcc -o conftest -g -O2   conftest.c -lm -lm  >&5
conftest.c:37:6: warning: conflicting types for built-in function 'vprintf'; expected 'int(const char *, __va_list_tag *)' [-Wbuiltin-declaration-mismatch]
   37 | char vprintf ();
      |      ^~~~~~~
conftest.c:25:1: note: 'vprintf' is declared in header '<stdio.h>'
   24 | # include <limits.h>
   25 | #else
configure:4006: $? = 0
configure:4006: result: yes
configure:4012: checking for _doprnt
configure:4012: gcc -o conftest -g -O2   conftest.c -lm -lm  >&5
/usr/bin/ld: /tmp/ccNuftbe.o: in function `main':
/home/yusuf/Desktop/Star_Tracker-master/RPI/match-0.14/conftest.c:49: undefined reference to `_doprnt'
collect2: error: ld returned 1 exit status
configure:4012: $? = 1
configure: failed program was:
| /* confdefs.h */
| #define PACKAGE_NAME ""
| #define PACKAGE_TARNAME ""
| #define PACKAGE_VERSION ""
| #define PACKAGE_STRING ""
| #define PACKAGE_BUGREPORT ""
| #define PACKAGE_URL ""
| #define PACKAGE "match"
| #define VERSION "0.14"
| #define HAVE_LIBM 1
| #define HAVE_LIBM 1
| #define STDC_HEADERS 1
| #define HAVE_VPRINTF 1
| /* end confdefs.h.  */
| /* Define _doprnt to an innocuous variant, in case <limits.h> declares _doprnt.
|    For example, HP-UX 11i <limits.h> declares gettimeofday.  */
| #define _doprnt innocuous__doprnt
| 
| /* System header to define __stub macros and hopefully few prototypes,
|     which can conflict with char _doprnt (); below.
|     Prefer <limits.h> to <assert.h> if __STDC__ is defined, since
|     <limits.h> exists even on freestanding compilers.  */
| 
| #ifdef __STDC__
| # include <limits.h>
| #else
| # include <assert.h>
| #endif
| 
| #undef _doprnt
| 
| /* Override any GCC internal prototype to avoid an error.
|    Use char because int might match the return type of a GCC
|    builtin and then its argument prototype would still apply.  */
| #ifdef __cplusplus
| extern "C"
| #endif
| char _doprnt ();
| /* The GNU C library defines this for functions which it implements
|     to always fail with ENOSYS.  Some functions are actually named
|     something starting with __ and the normal name is an alias.  */
| #if defined __stub__doprnt || defined __stub____doprnt
| choke me
| #endif
| 
| int
| main ()
| {
| return _doprnt ();
|   ;
|   return 0;
| }
configure:4012: result: no
configure:4172: creating ./config.status

## ---------------------- ##
## Running config.status. ##
## ---------------------- ##

This file was extended by config.status, which was
generated by GNU Autoconf 2.65.  Invocation command line was

  CONFIG_FILES    = 
  CONFIG_HEADERS  = 
  CONFIG_LINKS    = 
  CONFIG_COMMANDS = 
  $ ./config.status 

on yusuf-VirtualBox

config.status:770: creating Makefile
config.status:933: executing depfiles commands

## ---------------- ##
## Cache variables. ##
## ---------------- ##

ac_cv_c_compiler_gnu=yes
ac_cv_c_const=yes
ac_cv_env_CC_set=
ac_cv_env_CC_value=
ac_cv_env_CFLAGS_set=
ac_cv_env_CFLAGS_value=
ac_cv_env_CPPFLAGS_set=
ac_cv_env_CPPFLAGS_value=
ac_cv_env_CPP_set=
ac_cv_env_CPP_value=
ac_cv_env_LDFLAGS_set=
ac_cv_env_LDFLAGS_value=
ac_cv_env_LIBS_set=
ac_cv_env_LIBS_value=
ac_cv_env_build_alias_set=
ac_cv_env_build_alias_value=
ac_cv_env_host_alias_set=
ac_cv_env_host_alias_value=
ac_cv_env_target_alias_set=
ac_cv_env_target_alias_value=
ac_cv_func__doprnt=no
ac_cv_func_vprintf=yes
ac_cv_header_stdc=yes
ac_cv_lib_m_floor=yes
ac_cv_lib_m_sqrt=yes
ac_cv_objext=o
ac_cv_path_EGREP='/usr/bin/grep -E'
ac_cv_path_GREP=/usr/bin/grep
ac_cv_path_install='/usr/bin/install -c'
ac_cv_path_mkdir=/usr/bin/mkdir
ac_cv_prog_AWK=mawk
ac_cv_prog_CPP='gcc -E'
ac_cv_prog_ac_ct_CC=gcc
ac_cv_prog_cc_c89=
ac_cv_prog_cc_g=yes
ac_cv_prog_make_make_set=yes
am_cv_CC_dependencies_compiler_type=gcc3

## ----------------- ##
## Output variables. ##
## ----------------- ##

ACLOCAL='${SHELL} /home/yusuf/Desktop/Star_Tracker-master/RPI/match-0.14/missing --run aclocal-1.11'
AMDEPBACKSLASH='\'
AMDEP_FALSE='#'
AMDEP_TRUE=''
AMTAR='${SHELL} /home/yusuf/Desktop/Star_Tracker-master/RPI/match-0.14/missing --run tar'
AUTOCONF='${SHELL} /home/yusuf/Desktop/Star_Tracker-master/RPI/match-0.14/missing --run autoconf'
AUTOHEADER='${SHELL} /home/yusuf/Desktop/Star_Tracker-master/RPI/match-0.14/missing --run autoheader'
AUTOMAKE='${SHELL} /home/yusuf/Desktop/Star_Tracker-master/RPI/match-0.14/missing --run automake-1.11'
AWK='mawk'
CC='gcc'
CCDEPMODE='depmode=gcc3'
CFLAGS='-g -O2'
CPP='gcc -E'
CPPFLAGS=''
CYGPATH_W='echo'
DEFS='-DPACKAGE_NAME=\"\" -DPACKAGE_TARNAME=\"\" -DPACKAGE_VERSION=\"\" -DPACKAGE_STRING=\"\" -DPACKAGE_BUGREPORT=\"\" -DPACKAGE_URL=\"\" -DPACKAGE=\"match\" -DVERSION=\"0.14\" -DHAVE_LIBM=1 -DHAVE_LIBM=1 -DSTDC_HEADERS=1 -DHAVE_VPRINTF=1'
DEPDIR='.deps'
ECHO_C=''
ECHO_N='-n'
ECHO_T=''
EGREP='/usr/bin/grep -E'
EXEEXT=''
GREP='/usr/bin/grep'
INSTALL_DATA='${INSTALL} -m 644'
INSTALL_PROGRAM='${INSTALL}'
INSTALL_SCRIPT='${INSTALL}'
INSTALL_STRIP_PROGRAM='$(install_sh) -c -s'
LDFLAGS=''
LIBOBJS=''
LIBS='-lm -lm '
LN_S='ln -s'
LTLIBOBJS=''
MAKEINFO='${SHELL} /home/yusuf/Desktop/Star_Tracker-master/RPI/match-0.14/missing --run makeinfo'
MKDIR_P='/usr/bin/mkdir -p'
OBJEXT='o'
PACKAGE='match'
PACKAGE_BUGREPORT=''
PACKAGE_NAME=''
PACKAGE_STRING=''
PACKAGE_TARNAME=''
PACKAGE_URL=''
PACKAGE_VERSION=''
PATH_SEPARATOR=':'
SET_MAKE=''
SHELL='/bin/bash'
STRIP=''
VERSION='0.14'
ac_ct_CC='gcc'
am__EXEEXT_FALSE=''
am__EXEEXT_TRUE='#'
am__fastdepCC_FALSE='#'
am__fastdepCC_TRUE=''
am__include='include'
am__isrc=''
am__leading_dot='.'
am__quote=''
am__tar='${AMTAR} chof - "$$tardir"'
am__untar='${AMTAR} xf -'
bindir='${exec_prefix}/bin'
build_alias=''
datadir='${datarootdir}'
datarootdir='${prefix}/share'
docdir='${datarootdir}/doc/${PACKAGE}'
dvidir='${docdir}'
exec_prefix='${prefix}'
host_alias=''
htmldir='${docdir}'
includedir='${prefix}/include'
infodir='${datarootdir}/info'
install_sh='${SHELL} /home/yusuf/Desktop/Star_Tracker-master/RPI/match-0.14/install-sh'
libdir='${exec_prefix}/lib'
libexecdir='${exec_prefix}/libexec'
localedir='${datarootdir}/locale'
localstatedir='${prefix}/var'
mandir='${datarootdir}/man'
mkdir_p='/usr/bin/mkdir -p'
oldincludedir='/usr/include'
pdfdir='${docdir}'
prefix='/usr/local'
program_transform_name='s,x,x,'
psdir='${docdir}'
sbindir='${exec_prefix}/sbin'
sharedstatedir='${prefix}/com'
sysconfdir='${prefix}/etc'
target_alias=''

## ----------- ##
## confdefs.h. ##
## ----------- ##

/* confdefs.h */
#define PACKAGE_NAME ""
#define PACKAGE_TARNAME ""
#define PACKAGE_VERSION ""
#define PACKAGE_STRING ""
#define PACKAGE_BUGREPORT ""
#define PACKAGE_URL ""
#define PACKAGE "match"
#define VERSION "0.14"
#define HAVE_LIBM 1
#define HAVE_LIBM 1
#define STDC_HEADERS 1
#define HAVE_VPRINTF 1

configure: exit 0
